<?xml version="1.0" encoding="UTF-8"?>
<testsuite xmlns:xsi="http://www.w3.org/2001/XMLSchema-instance" xsi:noNamespaceSchemaLocation="https://maven.apache.org/surefire/maven-surefire-plugin/xsd/surefire-test-report.xsd" version="3.0.2" name="com.edigest.Journal.JournalApplicationTests" time="8.307" tests="1" errors="0" skipped="0" failures="0">
  <properties>
    <property name="java.specification.version" value="17"/>
    <property name="sun.cpu.isalist" value="amd64"/>
    <property name="sun.jnu.encoding" value="Cp1252"/>
    <property name="java.class.path" value="C:\SpringBoot\Journal\target\test-classes;C:\SpringBoot\Journal\target\classes;C:\Users\Horizon InfoTech\.m2\repository\org\springframework\boot\spring-boot-starter-web\3.4.9\spring-boot-starter-web-3.4.9.jar;C:\Users\Horizon InfoTech\.m2\repository\org\springframework\boot\spring-boot-starter\3.4.9\spring-boot-starter-3.4.9.jar;C:\Users\Horizon InfoTech\.m2\repository\org\springframework\boot\spring-boot\3.4.9\spring-boot-3.4.9.jar;C:\Users\Horizon InfoTech\.m2\repository\org\springframework\boot\spring-boot-autoconfigure\3.4.9\spring-boot-autoconfigure-3.4.9.jar;C:\Users\Horizon InfoTech\.m2\repository\org\springframework\boot\spring-boot-starter-logging\3.4.9\spring-boot-starter-logging-3.4.9.jar;C:\Users\Horizon InfoTech\.m2\repository\ch\qos\logback\logback-classic\1.5.18\logback-classic-1.5.18.jar;C:\Users\Horizon InfoTech\.m2\repository\ch\qos\logback\logback-core\1.5.18\logback-core-1.5.18.jar;C:\Users\Horizon InfoTech\.m2\repository\org\apache\logging\log4j\log4j-to-slf4j\2.24.3\log4j-to-slf4j-2.24.3.jar;C:\Users\Horizon InfoTech\.m2\repository\org\apache\logging\log4j\log4j-api\2.24.3\log4j-api-2.24.3.jar;C:\Users\Horizon InfoTech\.m2\repository\org\slf4j\jul-to-slf4j\2.0.17\jul-to-slf4j-2.0.17.jar;C:\Users\Horizon InfoTech\.m2\repository\jakarta\annotation\jakarta.annotation-api\2.1.1\jakarta.annotation-api-2.1.1.jar;C:\Users\Horizon InfoTech\.m2\repository\org\yaml\snakeyaml\2.3\snakeyaml-2.3.jar;C:\Users\Horizon InfoTech\.m2\repository\org\springframework\boot\spring-boot-starter-json\3.4.9\spring-boot-starter-json-3.4.9.jar;C:\Users\Horizon InfoTech\.m2\repository\com\fasterxml\jackson\core\jackson-databind\2.18.4\jackson-databind-2.18.4.jar;C:\Users\Horizon InfoTech\.m2\repository\com\fasterxml\jackson\core\jackson-annotations\2.18.4\jackson-annotations-2.18.4.jar;C:\Users\Horizon InfoTech\.m2\repository\com\fasterxml\jackson\core\jackson-core\2.18.4.1\jackson-core-2.18.4.1.jar;C:\Users\Horizon InfoTech\.m2\repository\com\fasterxml\jackson\datatype\jackson-datatype-jdk8\2.18.4\jackson-datatype-jdk8-2.18.4.jar;C:\Users\Horizon InfoTech\.m2\repository\com\fasterxml\jackson\datatype\jackson-datatype-jsr310\2.18.4\jackson-datatype-jsr310-2.18.4.jar;C:\Users\Horizon InfoTech\.m2\repository\com\fasterxml\jackson\module\jackson-module-parameter-names\2.18.4\jackson-module-parameter-names-2.18.4.jar;C:\Users\Horizon InfoTech\.m2\repository\org\springframework\boot\spring-boot-starter-tomcat\3.4.9\spring-boot-starter-tomcat-3.4.9.jar;C:\Users\Horizon InfoTech\.m2\repository\org\apache\tomcat\embed\tomcat-embed-core\10.1.44\tomcat-embed-core-10.1.44.jar;C:\Users\Horizon InfoTech\.m2\repository\org\apache\tomcat\embed\tomcat-embed-el\10.1.44\tomcat-embed-el-10.1.44.jar;C:\Users\Horizon InfoTech\.m2\repository\org\apache\tomcat\embed\tomcat-embed-websocket\10.1.44\tomcat-embed-websocket-10.1.44.jar;C:\Users\Horizon InfoTech\.m2\repository\org\springframework\spring-web\6.2.10\spring-web-6.2.10.jar;C:\Users\Horizon InfoTech\.m2\repository\org\springframework\spring-beans\6.2.10\spring-beans-6.2.10.jar;C:\Users\Horizon InfoTech\.m2\repository\io\micrometer\micrometer-observation\1.14.10\micrometer-observation-1.14.10.jar;C:\Users\Horizon InfoTech\.m2\repository\io\micrometer\micrometer-commons\1.14.10\micrometer-commons-1.14.10.jar;C:\Users\Horizon InfoTech\.m2\repository\org\springframework\spring-webmvc\6.2.10\spring-webmvc-6.2.10.jar;C:\Users\Horizon InfoTech\.m2\repository\org\springframework\spring-context\6.2.10\spring-context-6.2.10.jar;C:\Users\Horizon InfoTech\.m2\repository\org\springframework\spring-expression\6.2.10\spring-expression-6.2.10.jar;C:\Users\Horizon InfoTech\.m2\repository\org\springframework\boot\spring-boot-starter-test\3.4.9\spring-boot-starter-test-3.4.9.jar;C:\Users\Horizon InfoTech\.m2\repository\org\springframework\boot\spring-boot-test\3.4.9\spring-boot-test-3.4.9.jar;C:\Users\Horizon InfoTech\.m2\repository\org\springframework\boot\spring-boot-test-autoconfigure\3.4.9\spring-boot-test-autoconfigure-3.4.9.jar;C:\Users\Horizon InfoTech\.m2\repository\com\jayway\jsonpath\json-path\2.9.0\json-path-2.9.0.jar;C:\Users\Horizon InfoTech\.m2\repository\org\slf4j\slf4j-api\2.0.17\slf4j-api-2.0.17.jar;C:\Users\Horizon InfoTech\.m2\repository\jakarta\xml\bind\jakarta.xml.bind-api\4.0.2\jakarta.xml.bind-api-4.0.2.jar;C:\Users\Horizon InfoTech\.m2\repository\jakarta\activation\jakarta.activation-api\2.1.3\jakarta.activation-api-2.1.3.jar;C:\Users\Horizon InfoTech\.m2\repository\net\minidev\json-smart\2.5.2\json-smart-2.5.2.jar;C:\Users\Horizon InfoTech\.m2\repository\net\minidev\accessors-smart\2.5.2\accessors-smart-2.5.2.jar;C:\Users\Horizon InfoTech\.m2\repository\org\ow2\asm\asm\9.7.1\asm-9.7.1.jar;C:\Users\Horizon InfoTech\.m2\repository\org\assertj\assertj-core\3.26.3\assertj-core-3.26.3.jar;C:\Users\Horizon InfoTech\.m2\repository\net\bytebuddy\byte-buddy\1.15.11\byte-buddy-1.15.11.jar;C:\Users\Horizon InfoTech\.m2\repository\org\awaitility\awaitility\4.2.2\awaitility-4.2.2.jar;C:\Users\Horizon InfoTech\.m2\repository\org\hamcrest\hamcrest\2.2\hamcrest-2.2.jar;C:\Users\Horizon InfoTech\.m2\repository\org\junit\jupiter\junit-jupiter\5.11.4\junit-jupiter-5.11.4.jar;C:\Users\Horizon InfoTech\.m2\repository\org\junit\jupiter\junit-jupiter-api\5.11.4\junit-jupiter-api-5.11.4.jar;C:\Users\Horizon InfoTech\.m2\repository\org\opentest4j\opentest4j\1.3.0\opentest4j-1.3.0.jar;C:\Users\Horizon InfoTech\.m2\repository\org\junit\platform\junit-platform-commons\1.11.4\junit-platform-commons-1.11.4.jar;C:\Users\Horizon InfoTech\.m2\repository\org\apiguardian\apiguardian-api\1.1.2\apiguardian-api-1.1.2.jar;C:\Users\Horizon InfoTech\.m2\repository\org\junit\jupiter\junit-jupiter-params\5.11.4\junit-jupiter-params-5.11.4.jar;C:\Users\Horizon InfoTech\.m2\repository\org\junit\jupiter\junit-jupiter-engine\5.11.4\junit-jupiter-engine-5.11.4.jar;C:\Users\Horizon InfoTech\.m2\repository\org\junit\platform\junit-platform-engine\1.11.4\junit-platform-engine-1.11.4.jar;C:\Users\Horizon InfoTech\.m2\repository\org\mockito\mockito-core\5.14.2\mockito-core-5.14.2.jar;C:\Users\Horizon InfoTech\.m2\repository\net\bytebuddy\byte-buddy-agent\1.15.11\byte-buddy-agent-1.15.11.jar;C:\Users\Horizon InfoTech\.m2\repository\org\objenesis\objenesis\3.3\objenesis-3.3.jar;C:\Users\Horizon InfoTech\.m2\repository\org\mockito\mockito-junit-jupiter\5.14.2\mockito-junit-jupiter-5.14.2.jar;C:\Users\Horizon InfoTech\.m2\repository\org\skyscreamer\jsonassert\1.5.3\jsonassert-1.5.3.jar;C:\Users\Horizon InfoTech\.m2\repository\com\vaadin\external\google\android-json\0.0.20131108.vaadin1\android-json-0.0.20131108.vaadin1.jar;C:\Users\Horizon InfoTech\.m2\repository\org\springframework\spring-core\6.2.10\spring-core-6.2.10.jar;C:\Users\Horizon InfoTech\.m2\repository\org\springframework\spring-jcl\6.2.10\spring-jcl-6.2.10.jar;C:\Users\Horizon InfoTech\.m2\repository\org\springframework\spring-test\6.2.10\spring-test-6.2.10.jar;C:\Users\Horizon InfoTech\.m2\repository\org\xmlunit\xmlunit-core\2.10.3\xmlunit-core-2.10.3.jar;C:\Users\Horizon InfoTech\.m2\repository\org\springframework\boot\spring-boot-starter-data-mongodb\3.4.9\spring-boot-starter-data-mongodb-3.4.9.jar;C:\Users\Horizon InfoTech\.m2\repository\org\mongodb\mongodb-driver-sync\5.2.1\mongodb-driver-sync-5.2.1.jar;C:\Users\Horizon InfoTech\.m2\repository\org\mongodb\bson\5.2.1\bson-5.2.1.jar;C:\Users\Horizon InfoTech\.m2\repository\org\mongodb\mongodb-driver-core\5.2.1\mongodb-driver-core-5.2.1.jar;C:\Users\Horizon InfoTech\.m2\repository\org\mongodb\bson-record-codec\5.2.1\bson-record-codec-5.2.1.jar;C:\Users\Horizon InfoTech\.m2\repository\org\springframework\data\spring-data-mongodb\4.4.9\spring-data-mongodb-4.4.9.jar;C:\Users\Horizon InfoTech\.m2\repository\org\springframework\spring-tx\6.2.10\spring-tx-6.2.10.jar;C:\Users\Horizon InfoTech\.m2\repository\org\springframework\data\spring-data-commons\3.4.9\spring-data-commons-3.4.9.jar;C:\Users\Horizon InfoTech\.m2\repository\org\projectlombok\lombok\1.18.28\lombok-1.18.28.jar;C:\Users\Horizon InfoTech\.m2\repository\org\springframework\boot\spring-boot-starter-security\3.4.9\spring-boot-starter-security-3.4.9.jar;C:\Users\Horizon InfoTech\.m2\repository\org\springframework\spring-aop\6.2.10\spring-aop-6.2.10.jar;C:\Users\Horizon InfoTech\.m2\repository\org\springframework\security\spring-security-config\6.4.9\spring-security-config-6.4.9.jar;C:\Users\Horizon InfoTech\.m2\repository\org\springframework\security\spring-security-core\6.4.9\spring-security-core-6.4.9.jar;C:\Users\Horizon InfoTech\.m2\repository\org\springframework\security\spring-security-crypto\6.4.9\spring-security-crypto-6.4.9.jar;C:\Users\Horizon InfoTech\.m2\repository\org\springframework\security\spring-security-web\6.4.9\spring-security-web-6.4.9.jar;"/>
    <property name="java.vm.vendor" value="Eclipse Adoptium"/>
    <property name="sun.arch.data.model" value="64"/>
    <property name="user.variant" value=""/>
    <property name="java.vendor.url" value="https://adoptium.net/"/>
    <property name="user.timezone" value="Asia/Calcutta"/>
    <property name="os.name" value="Windows 11"/>
    <property name="java.vm.specification.version" value="17"/>
    <property name="sun.java.launcher" value="SUN_STANDARD"/>
    <property name="user.country" value="IN"/>
    <property name="sun.boot.library.path" value="C:\Program Files\Eclipse Adoptium\jdk-17.0.16.8-hotspot\bin"/>
    <property name="sun.java.command" value="C:\Users\Horizon InfoTech\AppData\Local\Temp\surefire6658711218059839961\surefirebooter-20251007112129597_3.jar C:\Users\Horizon InfoTech\AppData\Local\Temp\surefire6658711218059839961 2025-10-07T11-21-29_276-jvmRun1 surefire-20251007112129597_1tmp surefire_0-20251007112129597_2tmp"/>
    <property name="jdk.debug" value="release"/>
    <property name="surefire.test.class.path" value="C:\SpringBoot\Journal\target\test-classes;C:\SpringBoot\Journal\target\classes;C:\Users\Horizon InfoTech\.m2\repository\org\springframework\boot\spring-boot-starter-web\3.4.9\spring-boot-starter-web-3.4.9.jar;C:\Users\Horizon InfoTech\.m2\repository\org\springframework\boot\spring-boot-starter\3.4.9\spring-boot-starter-3.4.9.jar;C:\Users\Horizon InfoTech\.m2\repository\org\springframework\boot\spring-boot\3.4.9\spring-boot-3.4.9.jar;C:\Users\Horizon InfoTech\.m2\repository\org\springframework\boot\spring-boot-autoconfigure\3.4.9\spring-boot-autoconfigure-3.4.9.jar;C:\Users\Horizon InfoTech\.m2\repository\org\springframework\boot\spring-boot-starter-logging\3.4.9\spring-boot-starter-logging-3.4.9.jar;C:\Users\Horizon InfoTech\.m2\repository\ch\qos\logback\logback-classic\1.5.18\logback-classic-1.5.18.jar;C:\Users\Horizon InfoTech\.m2\repository\ch\qos\logback\logback-core\1.5.18\logback-core-1.5.18.jar;C:\Users\Horizon InfoTech\.m2\repository\org\apache\logging\log4j\log4j-to-slf4j\2.24.3\log4j-to-slf4j-2.24.3.jar;C:\Users\Horizon InfoTech\.m2\repository\org\apache\logging\log4j\log4j-api\2.24.3\log4j-api-2.24.3.jar;C:\Users\Horizon InfoTech\.m2\repository\org\slf4j\jul-to-slf4j\2.0.17\jul-to-slf4j-2.0.17.jar;C:\Users\Horizon InfoTech\.m2\repository\jakarta\annotation\jakarta.annotation-api\2.1.1\jakarta.annotation-api-2.1.1.jar;C:\Users\Horizon InfoTech\.m2\repository\org\yaml\snakeyaml\2.3\snakeyaml-2.3.jar;C:\Users\Horizon InfoTech\.m2\repository\org\springframework\boot\spring-boot-starter-json\3.4.9\spring-boot-starter-json-3.4.9.jar;C:\Users\Horizon InfoTech\.m2\repository\com\fasterxml\jackson\core\jackson-databind\2.18.4\jackson-databind-2.18.4.jar;C:\Users\Horizon InfoTech\.m2\repository\com\fasterxml\jackson\core\jackson-annotations\2.18.4\jackson-annotations-2.18.4.jar;C:\Users\Horizon InfoTech\.m2\repository\com\fasterxml\jackson\core\jackson-core\2.18.4.1\jackson-core-2.18.4.1.jar;C:\Users\Horizon InfoTech\.m2\repository\com\fasterxml\jackson\datatype\jackson-datatype-jdk8\2.18.4\jackson-datatype-jdk8-2.18.4.jar;C:\Users\Horizon InfoTech\.m2\repository\com\fasterxml\jackson\datatype\jackson-datatype-jsr310\2.18.4\jackson-datatype-jsr310-2.18.4.jar;C:\Users\Horizon InfoTech\.m2\repository\com\fasterxml\jackson\module\jackson-module-parameter-names\2.18.4\jackson-module-parameter-names-2.18.4.jar;C:\Users\Horizon InfoTech\.m2\repository\org\springframework\boot\spring-boot-starter-tomcat\3.4.9\spring-boot-starter-tomcat-3.4.9.jar;C:\Users\Horizon InfoTech\.m2\repository\org\apache\tomcat\embed\tomcat-embed-core\10.1.44\tomcat-embed-core-10.1.44.jar;C:\Users\Horizon InfoTech\.m2\repository\org\apache\tomcat\embed\tomcat-embed-el\10.1.44\tomcat-embed-el-10.1.44.jar;C:\Users\Horizon InfoTech\.m2\repository\org\apache\tomcat\embed\tomcat-embed-websocket\10.1.44\tomcat-embed-websocket-10.1.44.jar;C:\Users\Horizon InfoTech\.m2\repository\org\springframework\spring-web\6.2.10\spring-web-6.2.10.jar;C:\Users\Horizon InfoTech\.m2\repository\org\springframework\spring-beans\6.2.10\spring-beans-6.2.10.jar;C:\Users\Horizon InfoTech\.m2\repository\io\micrometer\micrometer-observation\1.14.10\micrometer-observation-1.14.10.jar;C:\Users\Horizon InfoTech\.m2\repository\io\micrometer\micrometer-commons\1.14.10\micrometer-commons-1.14.10.jar;C:\Users\Horizon InfoTech\.m2\repository\org\springframework\spring-webmvc\6.2.10\spring-webmvc-6.2.10.jar;C:\Users\Horizon InfoTech\.m2\repository\org\springframework\spring-context\6.2.10\spring-context-6.2.10.jar;C:\Users\Horizon InfoTech\.m2\repository\org\springframework\spring-expression\6.2.10\spring-expression-6.2.10.jar;C:\Users\Horizon InfoTech\.m2\repository\org\springframework\boot\spring-boot-starter-test\3.4.9\spring-boot-starter-test-3.4.9.jar;C:\Users\Horizon InfoTech\.m2\repository\org\springframework\boot\spring-boot-test\3.4.9\spring-boot-test-3.4.9.jar;C:\Users\Horizon InfoTech\.m2\repository\org\springframework\boot\spring-boot-test-autoconfigure\3.4.9\spring-boot-test-autoconfigure-3.4.9.jar;C:\Users\Horizon InfoTech\.m2\repository\com\jayway\jsonpath\json-path\2.9.0\json-path-2.9.0.jar;C:\Users\Horizon InfoTech\.m2\repository\org\slf4j\slf4j-api\2.0.17\slf4j-api-2.0.17.jar;C:\Users\Horizon InfoTech\.m2\repository\jakarta\xml\bind\jakarta.xml.bind-api\4.0.2\jakarta.xml.bind-api-4.0.2.jar;C:\Users\Horizon InfoTech\.m2\repository\jakarta\activation\jakarta.activation-api\2.1.3\jakarta.activation-api-2.1.3.jar;C:\Users\Horizon InfoTech\.m2\repository\net\minidev\json-smart\2.5.2\json-smart-2.5.2.jar;C:\Users\Horizon InfoTech\.m2\repository\net\minidev\accessors-smart\2.5.2\accessors-smart-2.5.2.jar;C:\Users\Horizon InfoTech\.m2\repository\org\ow2\asm\asm\9.7.1\asm-9.7.1.jar;C:\Users\Horizon InfoTech\.m2\repository\org\assertj\assertj-core\3.26.3\assertj-core-3.26.3.jar;C:\Users\Horizon InfoTech\.m2\repository\net\bytebuddy\byte-buddy\1.15.11\byte-buddy-1.15.11.jar;C:\Users\Horizon InfoTech\.m2\repository\org\awaitility\awaitility\4.2.2\awaitility-4.2.2.jar;C:\Users\Horizon InfoTech\.m2\repository\org\hamcrest\hamcrest\2.2\hamcrest-2.2.jar;C:\Users\Horizon InfoTech\.m2\repository\org\junit\jupiter\junit-jupiter\5.11.4\junit-jupiter-5.11.4.jar;C:\Users\Horizon InfoTech\.m2\repository\org\junit\jupiter\junit-jupiter-api\5.11.4\junit-jupiter-api-5.11.4.jar;C:\Users\Horizon InfoTech\.m2\repository\org\opentest4j\opentest4j\1.3.0\opentest4j-1.3.0.jar;C:\Users\Horizon InfoTech\.m2\repository\org\junit\platform\junit-platform-commons\1.11.4\junit-platform-commons-1.11.4.jar;C:\Users\Horizon InfoTech\.m2\repository\org\apiguardian\apiguardian-api\1.1.2\apiguardian-api-1.1.2.jar;C:\Users\Horizon InfoTech\.m2\repository\org\junit\jupiter\junit-jupiter-params\5.11.4\junit-jupiter-params-5.11.4.jar;C:\Users\Horizon InfoTech\.m2\repository\org\junit\jupiter\junit-jupiter-engine\5.11.4\junit-jupiter-engine-5.11.4.jar;C:\Users\Horizon InfoTech\.m2\repository\org\junit\platform\junit-platform-engine\1.11.4\junit-platform-engine-1.11.4.jar;C:\Users\Horizon InfoTech\.m2\repository\org\mockito\mockito-core\5.14.2\mockito-core-5.14.2.jar;C:\Users\Horizon InfoTech\.m2\repository\net\bytebuddy\byte-buddy-agent\1.15.11\byte-buddy-agent-1.15.11.jar;C:\Users\Horizon InfoTech\.m2\repository\org\objenesis\objenesis\3.3\objenesis-3.3.jar;C:\Users\Horizon InfoTech\.m2\repository\org\mockito\mockito-junit-jupiter\5.14.2\mockito-junit-jupiter-5.14.2.jar;C:\Users\Horizon InfoTech\.m2\repository\org\skyscreamer\jsonassert\1.5.3\jsonassert-1.5.3.jar;C:\Users\Horizon InfoTech\.m2\repository\com\vaadin\external\google\android-json\0.0.20131108.vaadin1\android-json-0.0.20131108.vaadin1.jar;C:\Users\Horizon InfoTech\.m2\repository\org\springframework\spring-core\6.2.10\spring-core-6.2.10.jar;C:\Users\Horizon InfoTech\.m2\repository\org\springframework\spring-jcl\6.2.10\spring-jcl-6.2.10.jar;C:\Users\Horizon InfoTech\.m2\repository\org\springframework\spring-test\6.2.10\spring-test-6.2.10.jar;C:\Users\Horizon InfoTech\.m2\repository\org\xmlunit\xmlunit-core\2.10.3\xmlunit-core-2.10.3.jar;C:\Users\Horizon InfoTech\.m2\repository\org\springframework\boot\spring-boot-starter-data-mongodb\3.4.9\spring-boot-starter-data-mongodb-3.4.9.jar;C:\Users\Horizon InfoTech\.m2\repository\org\mongodb\mongodb-driver-sync\5.2.1\mongodb-driver-sync-5.2.1.jar;C:\Users\Horizon InfoTech\.m2\repository\org\mongodb\bson\5.2.1\bson-5.2.1.jar;C:\Users\Horizon InfoTech\.m2\repository\org\mongodb\mongodb-driver-core\5.2.1\mongodb-driver-core-5.2.1.jar;C:\Users\Horizon InfoTech\.m2\repository\org\mongodb\bson-record-codec\5.2.1\bson-record-codec-5.2.1.jar;C:\Users\Horizon InfoTech\.m2\repository\org\springframework\data\spring-data-mongodb\4.4.9\spring-data-mongodb-4.4.9.jar;C:\Users\Horizon InfoTech\.m2\repository\org\springframework\spring-tx\6.2.10\spring-tx-6.2.10.jar;C:\Users\Horizon InfoTech\.m2\repository\org\springframework\data\spring-data-commons\3.4.9\spring-data-commons-3.4.9.jar;C:\Users\Horizon InfoTech\.m2\repository\org\projectlombok\lombok\1.18.28\lombok-1.18.28.jar;C:\Users\Horizon InfoTech\.m2\repository\org\springframework\boot\spring-boot-starter-security\3.4.9\spring-boot-starter-security-3.4.9.jar;C:\Users\Horizon InfoTech\.m2\repository\org\springframework\spring-aop\6.2.10\spring-aop-6.2.10.jar;C:\Users\Horizon InfoTech\.m2\repository\org\springframework\security\spring-security-config\6.4.9\spring-security-config-6.4.9.jar;C:\Users\Horizon InfoTech\.m2\repository\org\springframework\security\spring-security-core\6.4.9\spring-security-core-6.4.9.jar;C:\Users\Horizon InfoTech\.m2\repository\org\springframework\security\spring-security-crypto\6.4.9\spring-security-crypto-6.4.9.jar;C:\Users\Horizon InfoTech\.m2\repository\org\springframework\security\spring-security-web\6.4.9\spring-security-web-6.4.9.jar;"/>
    <property name="sun.cpu.endian" value="little"/>
    <property name="user.home" value="C:\Users\Horizon InfoTech"/>
    <property name="user.language" value="en"/>
    <property name="java.specification.vendor" value="Oracle Corporation"/>
    <property name="java.version.date" value="2025-07-15"/>
    <property name="java.home" value="C:\Program Files\Eclipse Adoptium\jdk-17.0.16.8-hotspot"/>
    <property name="file.separator" value="\"/>
    <property name="basedir" value="C:\SpringBoot\Journal"/>
    <property name="java.vm.compressedOopsMode" value="32-bit"/>
    <property name="line.separator" value="&#10;"/>
    <property name="java.vm.specification.vendor" value="Oracle Corporation"/>
    <property name="java.specification.name" value="Java Platform API Specification"/>
    <property name="FILE_LOG_CHARSET" value="windows-1252"/>
    <property name="java.awt.headless" value="true"/>
    <property name="surefire.real.class.path" value="C:\Users\Horizon InfoTech\AppData\Local\Temp\surefire6658711218059839961\surefirebooter-20251007112129597_3.jar"/>
    <property name="user.script" value=""/>
    <property name="sun.management.compiler" value="HotSpot 64-Bit Tiered Compilers"/>
    <property name="java.runtime.version" value="17.0.16+8"/>
    <property name="user.name" value="Horizon InfoTech"/>
    <property name="sonar" value="true"/>
    <property name="path.separator" value=";"/>
    <property name="os.version" value="10.0"/>
    <property name="java.runtime.name" value="OpenJDK Runtime Environment"/>
    <property name="file.encoding" value="Cp1252"/>
    <property name="java.vm.name" value="OpenJDK 64-Bit Server VM"/>
    <property name="java.vendor.version" value="Temurin-17.0.16+8"/>
    <property name="localRepository" value="C:\Users\Horizon InfoTech\.m2\repository"/>
    <property name="java.vendor.url.bug" value="https://github.com/adoptium/adoptium-support/issues"/>
    <property name="java.io.tmpdir" value="C:\Users\HORIZO~1\AppData\Local\Temp\"/>
    <property name="java.version" value="17.0.16"/>
    <property name="user.dir" value="C:\SpringBoot\Journal"/>
    <property name="os.arch" value="amd64"/>
    <property name="java.vm.specification.name" value="Java Virtual Machine Specification"/>
    <property name="PID" value="400"/>
    <property name="sun.os.patch.level" value=""/>
    <property name="CONSOLE_LOG_CHARSET" value="windows-1252"/>
    <property name="native.encoding" value="Cp1252"/>
    <property name="java.library.path" value="C:\Program Files\Eclipse Adoptium\jdk-17.0.16.8-hotspot\bin;C:\WINDOWS\Sun\Java\bin;C:\WINDOWS\system32;C:\WINDOWS;C:\Program Files\Eclipse Adoptium\jdk-17.0.16.8-hotspot\bin;C:\WINDOWS\system32;C:\WINDOWS;C:\WINDOWS\System32\Wbem;C:\WINDOWS\System32\WindowsPowerShell\v1.0\;C:\WINDOWS\System32\OpenSSH\;C:\Program Files\nodejs\;C:\apache-maven-3.9.11\bin;C:\Users\Horizon InfoTech\AppData\Local\Microsoft\WindowsApps;C:\Users\Horizon InfoTech\AppData\Local\Programs\Microsoft VS Code\bin;C:\Users\Horizon InfoTech\AppData\Roaming\npm;."/>
    <property name="java.vm.info" value="mixed mode, sharing"/>
    <property name="java.vendor" value="Eclipse Adoptium"/>
    <property name="java.vm.version" value="17.0.16+8"/>
    <property name="java.specification.maintenance.version" value="1"/>
    <property name="sun.io.unicode.encoding" value="UnicodeLittle"/>
    <property name="java.class.version" value="61.0"/>
  </properties>
  <testcase name="contextLoads" classname="com.edigest.Journal.JournalApplicationTests" time="1.272">
    <system-out><![CDATA[11:21:31.620 [main] INFO org.springframework.test.context.support.AnnotationConfigContextLoaderUtils -- Could not detect default configuration classes for test class [com.edigest.Journal.JournalApplicationTests]: JournalApplicationTests does not declare any static, non-private, non-final, nested classes annotated with @Configuration.
11:21:31.820 [main] INFO org.springframework.boot.test.context.SpringBootTestContextBootstrapper -- Found @SpringBootConfiguration com.edigest.Journal.JournalApplication for test class com.edigest.Journal.JournalApplicationTests

  .   ____          _            __ _ _
 /\\ / ___'_ __ _ _(_)_ __  __ _ \ \ \ \
( ( )\___ | '_ | '_| | '_ \/ _` | \ \ \ \
 \\/  ___)| |_)| | | | | || (_| |  ) ) ) )
  '  |____| .__|_| |_|_| |_\__, | / / / /
 =========|_|==============|___/=/_/_/_/

 :: Spring Boot ::                (v3.4.9)

2025-10-07T11:21:32.834+05:30  INFO 400 --- [           main] c.e.Journal.JournalApplicationTests      : Starting JournalApplicationTests using Java 17.0.16 with PID 400 (started by Horizon InfoTech in C:\SpringBoot\Journal)
2025-10-07T11:21:32.837+05:30  INFO 400 --- [           main] c.e.Journal.JournalApplicationTests      : The following 1 profile is active: "dev"
2025-10-07T11:21:34.364+05:30  INFO 400 --- [           main] .s.d.r.c.RepositoryConfigurationDelegate : Bootstrapping Spring Data MongoDB repositories in DEFAULT mode.
2025-10-07T11:21:34.474+05:30  INFO 400 --- [           main] .s.d.r.c.RepositoryConfigurationDelegate : Finished Spring Data repository scanning in 97 ms. Found 2 MongoDB repository interfaces.
2025-10-07T11:21:35.533+05:30  INFO 400 --- [dx6.mongodb.net] org.mongodb.driver.cluster               : Adding discovered server ac-wxggllq-shard-00-00.osl6dx6.mongodb.net:27017 to client view of cluster
2025-10-07T11:21:35.546+05:30  INFO 400 --- [           main] org.mongodb.driver.client                : MongoClient with metadata {"application": {"name": "Cluster0"}, "driver": {"name": "mongo-java-driver|sync|spring-boot", "version": "5.2.1"}, "os": {"type": "Windows", "name": "Windows 11", "architecture": "amd64", "version": "10.0"}, "platform": "Java/Eclipse Adoptium/17.0.16+8"} created with settings MongoClientSettings{readPreference=primary, writeConcern=WriteConcern{w=majority, wTimeout=null ms, journal=null}, retryWrites=true, retryReads=true, readConcern=ReadConcern{level=null}, credential=MongoCredential{mechanism=null, userName='arun3342rathour_db_user', source='admin', password=<hidden>, mechanismProperties=<hidden>}, transportSettings=null, commandListeners=[], codecRegistry=ProvidersCodecRegistry{codecProviders=[ValueCodecProvider{}, BsonValueCodecProvider{}, DBRefCodecProvider{}, DBObjectCodecProvider{}, DocumentCodecProvider{}, CollectionCodecProvider{}, IterableCodecProvider{}, MapCodecProvider{}, GeoJsonCodecProvider{}, GridFSFileCodecProvider{}, Jsr310CodecProvider{}, JsonObjectCodecProvider{}, BsonCodecProvider{}, EnumCodecProvider{}, com.mongodb.client.model.mql.ExpressionCodecProvider@7459a21e, com.mongodb.Jep395RecordCodecProvider@7eeb38b2, com.mongodb.KotlinCodecProvider@d54d0f5]}, loggerSettings=LoggerSettings{maxDocumentLength=1000}, clusterSettings={hosts=[127.0.0.1:27017], srvHost=cluster0.osl6dx6.mongodb.net, srvServiceName=mongodb, mode=MULTIPLE, requiredClusterType=REPLICA_SET, requiredReplicaSetName='atlas-7jy42d-shard-0', serverSelector='null', clusterListeners='[]', serverSelectionTimeout='30000 ms', localThreshold='15 ms'}, socketSettings=SocketSettings{connectTimeoutMS=10000, readTimeoutMS=0, receiveBufferSize=0, proxySettings=ProxySettings{host=null, port=null, username=null, password=null}}, heartbeatSocketSettings=SocketSettings{connectTimeoutMS=10000, readTimeoutMS=10000, receiveBufferSize=0, proxySettings=ProxySettings{host=null, port=null, username=null, password=null}}, connectionPoolSettings=ConnectionPoolSettings{maxSize=100, minSize=0, maxWaitTimeMS=120000, maxConnectionLifeTimeMS=0, maxConnectionIdleTimeMS=0, maintenanceInitialDelayMS=0, maintenanceFrequencyMS=60000, connectionPoolListeners=[], maxConnecting=2}, serverSettings=ServerSettings{heartbeatFrequencyMS=10000, minHeartbeatFrequencyMS=500, serverMonitoringMode=AUTO, serverListeners='[]', serverMonitorListeners='[]'}, sslSettings=SslSettings{enabled=true, invalidHostNameAllowed=false, context=null}, applicationName='Cluster0', compressorList=[], uuidRepresentation=JAVA_LEGACY, serverApi=null, autoEncryptionSettings=null, dnsClient=null, inetAddressResolver=null, contextProvider=null, timeoutMS=null}
2025-10-07T11:21:35.595+05:30  INFO 400 --- [dx6.mongodb.net] org.mongodb.driver.cluster               : Adding discovered server ac-wxggllq-shard-00-01.osl6dx6.mongodb.net:27017 to client view of cluster
2025-10-07T11:21:35.603+05:30  INFO 400 --- [dx6.mongodb.net] org.mongodb.driver.cluster               : Adding discovered server ac-wxggllq-shard-00-02.osl6dx6.mongodb.net:27017 to client view of cluster
2025-10-07T11:21:36.583+05:30  INFO 400 --- [ngodb.net:27017] org.mongodb.driver.cluster               : Monitor thread successfully connected to server with description ServerDescription{address=ac-wxggllq-shard-00-01.osl6dx6.mongodb.net:27017, type=REPLICA_SET_SECONDARY, cryptd=false, state=CONNECTED, ok=true, minWireVersion=0, maxWireVersion=25, maxDocumentSize=16777216, logicalSessionTimeoutMinutes=30, roundTripTimeNanos=479456000, minRoundTripTimeNanos=0, setName='atlas-7jy42d-shard-0', canonicalAddress=ac-wxggllq-shard-00-01.osl6dx6.mongodb.net:27017, hosts=[ac-wxggllq-shard-00-02.osl6dx6.mongodb.net:27017, ac-wxggllq-shard-00-00.osl6dx6.mongodb.net:27017, ac-wxggllq-shard-00-01.osl6dx6.mongodb.net:27017], passives=[], arbiters=[], primary='ac-wxggllq-shard-00-02.osl6dx6.mongodb.net:27017', tagSet=TagSet{[Tag{name='availabilityZone', value='aps1-az3'}, Tag{name='diskState', value='READY'}, Tag{name='nodeType', value='ELECTABLE'}, Tag{name='provider', value='AWS'}, Tag{name='region', value='AP_SOUTH_1'}, Tag{name='workloadType', value='OPERATIONAL'}]}, electionId=null, setVersion=94, topologyVersion=TopologyVersion{processId=68e42ff9b2742c5cb9785896, counter=3}, lastWriteDate=Tue Oct 07 11:21:35 IST 2025, lastUpdateTimeNanos=2547673150800}
2025-10-07T11:21:36.583+05:30  INFO 400 --- [ngodb.net:27017] org.mongodb.driver.cluster               : Monitor thread successfully connected to server with description ServerDescription{address=ac-wxggllq-shard-00-02.osl6dx6.mongodb.net:27017, type=REPLICA_SET_PRIMARY, cryptd=false, state=CONNECTED, ok=true, minWireVersion=0, maxWireVersion=25, maxDocumentSize=16777216, logicalSessionTimeoutMinutes=30, roundTripTimeNanos=477403300, minRoundTripTimeNanos=0, setName='atlas-7jy42d-shard-0', canonicalAddress=ac-wxggllq-shard-00-02.osl6dx6.mongodb.net:27017, hosts=[ac-wxggllq-shard-00-02.osl6dx6.mongodb.net:27017, ac-wxggllq-shard-00-00.osl6dx6.mongodb.net:27017, ac-wxggllq-shard-00-01.osl6dx6.mongodb.net:27017], passives=[], arbiters=[], primary='ac-wxggllq-shard-00-02.osl6dx6.mongodb.net:27017', tagSet=TagSet{[Tag{name='availabilityZone', value='aps1-az2'}, Tag{name='diskState', value='READY'}, Tag{name='nodeType', value='ELECTABLE'}, Tag{name='provider', value='AWS'}, Tag{name='region', value='AP_SOUTH_1'}, Tag{name='workloadType', value='OPERATIONAL'}]}, electionId=7fffffff000000000000007a, setVersion=94, topologyVersion=TopologyVersion{processId=68e42a3b533e4bc81e7ae9dc, counter=6}, lastWriteDate=Tue Oct 07 11:21:35 IST 2025, lastUpdateTimeNanos=2547673150900}
2025-10-07T11:21:36.583+05:30  INFO 400 --- [ngodb.net:27017] org.mongodb.driver.cluster               : Monitor thread successfully connected to server with description ServerDescription{address=ac-wxggllq-shard-00-00.osl6dx6.mongodb.net:27017, type=REPLICA_SET_SECONDARY, cryptd=false, state=CONNECTED, ok=true, minWireVersion=0, maxWireVersion=25, maxDocumentSize=16777216, logicalSessionTimeoutMinutes=30, roundTripTimeNanos=479712200, minRoundTripTimeNanos=0, setName='atlas-7jy42d-shard-0', canonicalAddress=ac-wxggllq-shard-00-00.osl6dx6.mongodb.net:27017, hosts=[ac-wxggllq-shard-00-02.osl6dx6.mongodb.net:27017, ac-wxggllq-shard-00-00.osl6dx6.mongodb.net:27017, ac-wxggllq-shard-00-01.osl6dx6.mongodb.net:27017], passives=[], arbiters=[], primary='ac-wxggllq-shard-00-02.osl6dx6.mongodb.net:27017', tagSet=TagSet{[Tag{name='availabilityZone', value='aps1-az1'}, Tag{name='diskState', value='READY'}, Tag{name='nodeType', value='ELECTABLE'}, Tag{name='provider', value='AWS'}, Tag{name='region', value='AP_SOUTH_1'}, Tag{name='workloadType', value='OPERATIONAL'}]}, electionId=null, setVersion=94, topologyVersion=TopologyVersion{processId=68e423e27f2e4d17282c9af1, counter=4}, lastWriteDate=Tue Oct 07 11:21:35 IST 2025, lastUpdateTimeNanos=2547673150900}
2025-10-07T11:21:36.591+05:30  INFO 400 --- [ngodb.net:27017] org.mongodb.driver.cluster               : Discovered replica set primary ac-wxggllq-shard-00-02.osl6dx6.mongodb.net:27017 with max election id 7fffffff000000000000007a and max set version 94
2025-10-07T11:21:36.742+05:30  INFO 400 --- [           main] eAuthenticationProviderManagerConfigurer : Global AuthenticationManager configured with AuthenticationProvider bean with name authenticationProvider
2025-10-07T11:21:36.743+05:30  WARN 400 --- [           main] r$InitializeUserDetailsManagerConfigurer : Global AuthenticationManager configured with an AuthenticationProvider bean. UserDetailsService beans will not be used by Spring Security for automatically configuring username/password login. Consider removing the AuthenticationProvider bean. Alternatively, consider using the UserDetailsService in a manually instantiated DaoAuthenticationProvider. If the current configuration is intentional, to turn off this warning, increase the logging level of 'org.springframework.security.config.annotation.authentication.configuration.InitializeUserDetailsBeanManagerConfigurer' to ERROR
2025-10-07T11:21:38.287+05:30  INFO 400 --- [           main] c.e.Journal.JournalApplicationTests      : Started JournalApplicationTests in 6.149 seconds (process running for 8.457)
]]></system-out>
  </testcase>
</testsuite>